[2014.04.04-11.32,53] System <error> A runtime error occurred to TestHat.
[2014.04.04-11.32,55] System <error> A runtime error occurred to TestHat.
[2014.04.04-11.33,17] System <error> A runtime error occurred to TestHat.
